Removed Pin From Net: NetName=4V2 Pin=C_SIM1-1
Removed Pin From Net: NetName=GND Pin=C_SIM1-2
Removed Pin From Net: NetName=4V2 Pin=C_SIM2-1
Removed Pin From Net: NetName=GND Pin=C_SIM2-2
Removed Pin From Net: NetName=4V2 Pin=C_SIM3-1
Removed Pin From Net: NetName=GND Pin=C_SIM3-2
Removed Pin From Net: NetName=4V2 Pin=C_SIM4-1
Removed Pin From Net: NetName=GND Pin=C_SIM4-2
Removed Member From Class: ClassName=Comm Member=C_SIM1
Removed Member From Class: ClassName=Comm Member=C_SIM2
Removed Member From Class: ClassName=Comm Member=C_SIM3
Removed Member From Class: ClassName=Comm Member=C_SIM4
Change Component Comment : Designator=Tan_SIM1 Old Comment=Tan_SIM1 New Comment=tanSIM
Change Component Designator: OldDesignator=Tan_SIM1 NewDesignator=C23
Change Component Designator: OldDesignator=Tan_SIM2 NewDesignator=C24
Added Component: Designator=C25(1206 -cap)
Add component (AddParameter): Name = "LatestRevisionDate"; Value = "17-Jul-2002"; VariantName = "[No Variations]"
Add component (AddParameter): Name = "LatestRevisionNote"; Value = "Re-released for DXP Platform."; VariantName = "[No Variations]"
Add component (AddParameter): Name = "PackageReference"; Value = "RAD-0.3"; VariantName = "[No Variations]"
Add component (AddParameter): Name = "Published"; Value = "8-Jun-2000"; VariantName = "[No Variations]"
Add component (AddParameter): Name = "Publisher"; Value = "Altium Limited"; VariantName = "[No Variations]"
Added Component: Designator=C26(1206 -cap)
Add component (AddParameter): Name = "LatestRevisionDate"; Value = "17-Jul-2002"; VariantName = "[No Variations]"
Add component (AddParameter): Name = "LatestRevisionNote"; Value = "Re-released for DXP Platform."; VariantName = "[No Variations]"
Add component (AddParameter): Name = "PackageReference"; Value = "RAD-0.3"; VariantName = "[No Variations]"
Add component (AddParameter): Name = "Published"; Value = "8-Jun-2000"; VariantName = "[No Variations]"
Add component (AddParameter): Name = "Publisher"; Value = "Altium Limited"; VariantName = "[No Variations]"
Added Component: Designator=C27(1206 -cap)
Add component (AddParameter): Name = "LatestRevisionDate"; Value = "17-Jul-2002"; VariantName = "[No Variations]"
Add component (AddParameter): Name = "LatestRevisionNote"; Value = "Re-released for DXP Platform."; VariantName = "[No Variations]"
Add component (AddParameter): Name = "PackageReference"; Value = "RAD-0.3"; VariantName = "[No Variations]"
Add component (AddParameter): Name = "Published"; Value = "8-Jun-2000"; VariantName = "[No Variations]"
Add component (AddParameter): Name = "Publisher"; Value = "Altium Limited"; VariantName = "[No Variations]"
Added Component: Designator=C28(1206 -cap)
Add component (AddParameter): Name = "LatestRevisionDate"; Value = "17-Jul-2002"; VariantName = "[No Variations]"
Add component (AddParameter): Name = "LatestRevisionNote"; Value = "Re-released for DXP Platform."; VariantName = "[No Variations]"
Add component (AddParameter): Name = "PackageReference"; Value = "RAD-0.3"; VariantName = "[No Variations]"
Add component (AddParameter): Name = "Published"; Value = "8-Jun-2000"; VariantName = "[No Variations]"
Add component (AddParameter): Name = "Publisher"; Value = "Altium Limited"; VariantName = "[No Variations]"
Added Pin To Net: NetName=GND Pin=C25-1
Added Pin To Net: NetName=4V2 Pin=C25-2
Added Pin To Net: NetName=GND Pin=C26-1
Added Pin To Net: NetName=4V2 Pin=C26-2
Added Pin To Net: NetName=GND Pin=C27-1
Added Pin To Net: NetName=4V2 Pin=C27-2
Added Pin To Net: NetName=GND Pin=C28-1
Added Pin To Net: NetName=4V2 Pin=C28-2
Added Member To Class: ClassName=Comm Member=Component C25 100nF
Added Member To Class: ClassName=Comm Member=Component C26 100nF
Added Member To Class: ClassName=Comm Member=Component C27 33pF
Added Member To Class: ClassName=Comm Member=Component C28 10pF
Added Room: Name=Comm
Added Room: Name=Power
