Change Component Designator: Old Designator=ANT1 New Designator=ANT?
Change Component Designator: Old Designator=BLE1 New Designator=BLE?
Change Component Designator: Old Designator=C26 New Designator=C?
Change Component Designator: Old Designator=C27 New Designator=C?
Change Component Designator: Old Designator=C28 New Designator=C?
Change Component Designator: Old Designator=C29 New Designator=C?
Change Component Designator: Old Designator=C30 New Designator=C?
Change Component Designator: Old Designator=C31 New Designator=C?
Change Component Designator: Old Designator=C32 New Designator=C?
Change Component Designator: Old Designator=C33 New Designator=C?
Change Component Designator: Old Designator=D3 New Designator=D?
Change Component Designator: Old Designator=GPS1 New Designator=GPS?
Change Component Designator: Old Designator=LED11 New Designator=LED?
Change Component Designator: Old Designator=LED12 New Designator=LED?
Change Component Designator: Old Designator=LoRa1 New Designator=LoRa?
Change Component Designator: Old Designator=R28 New Designator=R?
Change Component Designator: Old Designator=R29 New Designator=R?
Change Component Designator: Old Designator=R30 New Designator=R?
Change Component Designator: Old Designator=R31 New Designator=R?
Change Component Designator: Old Designator=R32 New Designator=R?
Change Component Designator: Old Designator=R33 New Designator=R?
Change Component Designator: Old Designator=SIM1 New Designator=SIM?
Change Component Designator: Old Designator=SW2 New Designator=SW?
