Change Component Designator: Old Designator=BLE New Designator=BLE1
Change Component Designator: Old Designator=C? New Designator=C26
Change Component Designator: Old Designator=C? New Designator=C27
Change Component Designator: Old Designator=C? New Designator=C28
Change Component Designator: Old Designator=C? New Designator=C29
Change Component Designator: Old Designator=C? New Designator=C30
Change Component Designator: Old Designator=C? New Designator=C31
Change Component Designator: Old Designator=C? New Designator=C32
Change Component Designator: Old Designator=C? New Designator=C33
Change Component Designator: Old Designator=D4 New Designator=D3
Change Component Designator: Old Designator=GPS New Designator=GPS1
Change Component Designator: Old Designator=LED9 New Designator=LED11
Change Component Designator: Old Designator=LED10 New Designator=LED12
Change Component Designator: Old Designator=LoRa New Designator=LoRa1
Change Component Designator: Old Designator=R? New Designator=R28
Change Component Designator: Old Designator=R? New Designator=R29
Change Component Designator: Old Designator=R? New Designator=R30
Change Component Designator: Old Designator=R? New Designator=R31
Change Component Designator: Old Designator=R? New Designator=R32
Change Component Designator: Old Designator=R? New Designator=R33
Change Component Designator: Old Designator=SIM800L New Designator=SIM1
