Change Component Designator: Old Designator=C19 New Designator=C24
Change Component Designator: Old Designator=C? New Designator=C15
Change Component Designator: Old Designator=C? New Designator=C16
Change Component Designator: Old Designator=C? New Designator=C17
Change Component Designator: Old Designator=C? New Designator=C18
Change Component Designator: Old Designator=C? New Designator=C19
Change Component Designator: Old Designator=C? New Designator=C20
Change Component Designator: Old Designator=C? New Designator=C21
Change Component Designator: Old Designator=C? New Designator=C22
Change Component Designator: Old Designator=C? New Designator=C23
Change Component Designator: Old Designator=C? New Designator=C25
Change Component Designator: Old Designator=L2 New Designator=L3
Change Component Designator: Old Designator=LED3 New Designator=LED5
Change Component Designator: Old Designator=LED4 New Designator=LED6
Change Component Designator: Old Designator=LED5 New Designator=LED7
Change Component Designator: Old Designator=MCU New Designator=MCU1
Change Component Designator: Old Designator=MCU New Designator=MCU1
Change Component Designator: Old Designator=PG New Designator=PG1
Change Component Designator: Old Designator=R? New Designator=R14
Change Component Designator: Old Designator=R? New Designator=R15
Change Component Designator: Old Designator=R? New Designator=R16
Change Component Designator: Old Designator=R? New Designator=R17
Change Component Designator: Old Designator=R? New Designator=R18
Change Component Designator: Old Designator=R? New Designator=R19
Change Component Designator: Old Designator=R? New Designator=R20
