Change Component Designator: Old Designator=C15 New Designator=C?
Change Component Designator: Old Designator=C16 New Designator=C?
Change Component Designator: Old Designator=C17 New Designator=C?
Change Component Designator: Old Designator=C18 New Designator=C?
Change Component Designator: Old Designator=C19 New Designator=C?
Change Component Designator: Old Designator=C20 New Designator=C?
Change Component Designator: Old Designator=C21 New Designator=C?
Change Component Designator: Old Designator=C22 New Designator=C?
Change Component Designator: Old Designator=C23 New Designator=C?
Change Component Designator: Old Designator=C24 New Designator=C?
Change Component Designator: Old Designator=C25 New Designator=C?
Change Component Designator: Old Designator=FB1 New Designator=FB?
Change Component Designator: Old Designator=FB2 New Designator=FB?
Change Component Designator: Old Designator=L3 New Designator=L?
Change Component Designator: Old Designator=LED5 New Designator=LED?
Change Component Designator: Old Designator=LED6 New Designator=LED?
Change Component Designator: Old Designator=MCU1 New Designator=MCU?
Change Component Designator: Old Designator=MCU1 New Designator=MCU?
Change Component Designator: Old Designator=PG1 New Designator=PG?
Change Component Designator: Old Designator=R14 New Designator=R?
Change Component Designator: Old Designator=R15 New Designator=R?
Change Component Designator: Old Designator=R16 New Designator=R?
Change Component Designator: Old Designator=R17 New Designator=R?
Change Component Designator: Old Designator=R18 New Designator=R?
Change Component Designator: Old Designator=R19 New Designator=R?
Change Component Designator: Old Designator=SW1 New Designator=SW?
Change Component Designator: Old Designator=Y1 New Designator=Y?
