Change Component Designator: Old Designator=LED? New Designator=LED7
Change Component Designator: Old Designator=LED? New Designator=LED8
Change Component Designator: Old Designator=LED? New Designator=LED9
Change Component Designator: Old Designator=LM? New Designator=LM1
Change Component Designator: Old Designator=MAX? New Designator=MAX1
Change Component Designator: Old Designator=microSD? New Designator=microSD1
Change Component Designator: Old Designator=OLED? New Designator=OLED1
Change Component Designator: Old Designator=R? New Designator=R20
Change Component Designator: Old Designator=R? New Designator=R21
Change Component Designator: Old Designator=R? New Designator=R22
Change Component Designator: Old Designator=R? New Designator=R23
Change Component Designator: Old Designator=R? New Designator=R24
Change Component Designator: Old Designator=R? New Designator=R25
Change Component Designator: Old Designator=R? New Designator=R26
Change Component Designator: Old Designator=Sensor? New Designator=Sensor1
Change Component Designator: Old Designator=Sensor? New Designator=Sensor2
Change Component Designator: Old Designator=Sensor? New Designator=Sensor3
Change Component Designator: Old Designator=Sensor? New Designator=Sensor4
Change Component Designator: Old Designator=Sensor? New Designator=Sensor5
Change Component Designator: Old Designator=Soil Moisture? New Designator=Soil Moisture1
