Change Component Designator: Old Designator=LED7 New Designator=LED?
Change Component Designator: Old Designator=LED8 New Designator=LED?
Change Component Designator: Old Designator=LED9 New Designator=LED?
Change Component Designator: Old Designator=LM1 New Designator=LM?
Change Component Designator: Old Designator=MAX1 New Designator=MAX?
Change Component Designator: Old Designator=microSD1 New Designator=microSD?
Change Component Designator: Old Designator=OLED1 New Designator=OLED?
Change Component Designator: Old Designator=R20 New Designator=R?
Change Component Designator: Old Designator=R21 New Designator=R?
Change Component Designator: Old Designator=R22 New Designator=R?
Change Component Designator: Old Designator=R23 New Designator=R?
Change Component Designator: Old Designator=R24 New Designator=R?
Change Component Designator: Old Designator=R25 New Designator=R?
Change Component Designator: Old Designator=R26 New Designator=R?
Change Component Designator: Old Designator=Sensor1 New Designator=Sensor?
Change Component Designator: Old Designator=Sensor2 New Designator=Sensor?
Change Component Designator: Old Designator=Sensor3 New Designator=Sensor?
Change Component Designator: Old Designator=Sensor4 New Designator=Sensor?
Change Component Designator: Old Designator=Sensor5 New Designator=Sensor?
Change Component Designator: Old Designator=Soil Moisture1 New Designator=Soil Moisture?
