Change Component Designator: Old Designator=3V3 New Designator=2
Change Component Designator: Old Designator=4V2 New Designator=3
Change Component Designator: Old Designator=5V New Designator=1
Change Component Designator: Old Designator=C29 New Designator=C12
Change Component Designator: Old Designator=C30 New Designator=C13
Change Component Designator: Old Designator=C31 New Designator=C14
Change Component Designator: Old Designator=D2 New Designator=D1
Change Component Designator: Old Designator=D3 New Designator=D2
Change Component Designator: Old Designator=L3 New Designator=L2
Change Component Designator: Old Designator=LED11 New Designator=LED3
Change Component Designator: Old Designator=LED12 New Designator=LED4
Change Component Designator: Old Designator=R2 New Designator=R6
Change Component Designator: Old Designator=R3 New Designator=R8
Change Component Designator: Old Designator=R4 New Designator=R7
Change Component Designator: Old Designator=R5 New Designator=R9
Change Component Designator: Old Designator=R6 New Designator=R10
Change Component Designator: Old Designator=R7 New Designator=R11
Change Component Designator: Old Designator=R8 New Designator=R12
Change Component Designator: Old Designator=R9 New Designator=R13
Change Component Designator: Old Designator=R10 New Designator=R2
Change Component Designator: Old Designator=R33 New Designator=R3
Change Component Designator: Old Designator=R34 New Designator=R4
Change Component Designator: Old Designator=R35 New Designator=R5
Change Component Designator: Old Designator=TP3V3 New Designator=TP3
Change Component Designator: Old Designator=TP4V2 New Designator=TP4
Change Component Designator: Old Designator=TP5V New Designator=TP1
Change Component Designator: Old Designator=TP12V New Designator=TP2
Change Component Designator: Old Designator=TPAMSin New Designator=TPAMSin1
Change Component Designator: Old Designator=TPGND New Designator=TPGND1
Change Component Designator: Old Designator=TPIN New Designator=TPIN1
